<?xml version="1.0" encoding="UTF-8" ?>
<testsuite tests="3" failures="0" name="com.m91snik.lesson15.rest.repository.impl.UserRepositoryTest" time="0.299" errors="0" skipped="0">
  <properties>
[...]
</properties>
  <testcase classname="com.m91snik.lesson15.rest.repository.impl.UserRepositoryTest" name="testSave" time="0.028"/>
  <testcase classname="com.m91snik.lesson15.rest.repository.impl.UserRepositoryTest" name="testFindByNameAndPasswordNegative" time="0.065"/>
  <testcase classname="com.m91snik.lesson15.rest.repository.impl.UserRepositoryTest" name="testFindByNameAndPassword" time="0.033"/>
</testsuite>